#
# There is insufficient memory for the Java Runtime Environment to continue.
# Native memory allocation (malloc) failed to allocate 1345136 bytes for Chunk::new
# Possible reasons:
#   The system is out of physical RAM or swap space
#   In 32 bit mode, the process size limit was hit
# Possible solutions:
#   Reduce memory load on the system
#   Increase physical memory or swap space
#   Check if swap backing store is full
#   Use 64 bit Java on a 64 bit OS
#   Decrease Java heap size (-Xmx/-Xms)
#   Decrease number of Java threads
#   Decrease Java thread stack sizes (-Xss)
#   Set larger code cache with -XX:ReservedCodeCacheSize=
# This output file may be truncated or incomplete.
#
#  Out of Memory Error (allocation.cpp:390), pid=11800, tid=13656
#
# JRE version: Java(TM) SE Runtime Environment (8.0_66-b17) (build 1.8.0_66-b17)
# Java VM: Java HotSpot(TM) 64-Bit Server VM (25.66-b17 mixed mode windows-amd64 compressed oops)
# Failed to write core dump. Minidumps are not enabled by default on client versions of Windows
#

---------------  T H R E A D  ---------------

Current thread (0x0000000015555800):  JavaThread "C2 CompilerThread1" daemon [_thread_in_native, id=13656, stack(0x0000000016c50000,0x0000000016d50000)]

Stack: [0x0000000016c50000,0x0000000016d50000]
[error occurred during error reporting (printing stack bounds), id 0xc0000005]

Native frames: (J=compiled Java code, j=interpreted, Vv=VM code, C=native code)


Current CompileTask:
C2:  14047 2083       4       com.android.dx.ssa.SsaConverter::placePhiFunctions (394 bytes)


---------------  P R O C E S S  ---------------

Java Threads: ( => current thread )
  0x0000000016e54800 JavaThread "Service Thread" daemon [_thread_blocked, id=13668, stack(0x0000000017250000,0x0000000017350000)]
  0x000000001555b800 JavaThread "C1 CompilerThread2" daemon [_thread_blocked, id=13664, stack(0x0000000016d50000,0x0000000016e50000)]
=>0x0000000015555800 JavaThread "C2 CompilerThread1" daemon [_thread_in_native, id=13656, stack(0x0000000016c50000,0x0000000016d50000)]
  0x00000000154fc000 JavaThread "C2 CompilerThread0" daemon [_thread_in_native, id=13644, stack(0x0000000016b50000,0x0000000016c50000)]
  0x00000000154fa000 JavaThread "Attach Listener" daemon [_thread_blocked, id=13640, stack(0x0000000016a50000,0x0000000016b50000)]
  0x00000000154f9000 JavaThread "Signal Dispatcher" daemon [_thread_blocked, id=13636, stack(0x0000000016950000,0x0000000016a50000)]
  0x0000000001906000 JavaThread "Finalizer" daemon [_thread_blocked, id=13608, stack(0x0000000016750000,0x0000000016850000)]
  0x00000000018fd000 JavaThread "Reference Handler" daemon [_thread_blocked, id=13604, stack(0x0000000016650000,0x0000000016750000)]
  0x0000000001810800 JavaThread "main" [_thread_in_Java, id=13552, stack(0x0000000001510000,0x0000000001610000)]

Other Threads:
  0x00000000154c7800 VMThread [stack: 0x0000000016550000,0x0000000016650000] [id=13600]
  0x0000000016e59800 WatcherThread [stack: 0x0000000017350000,0x0000000017450000] [id=13684]

VM state:not at safepoint (normal execution)

VM Mutex/Monitor currently owned by a thread: None

Heap:
 PSYoungGen      total 276992K, used 81760K [0x00000000eab00000, 0x00000000fde00000, 0x0000000100000000)
  eden space 250368K, 22% used [0x00000000eab00000,0x00000000ee3230c0,0x00000000f9f80000)
  from space 26624K, 91% used [0x00000000fbd00000,0x00000000fd4b5198,0x00000000fd700000)
  to   space 30208K, 0% used [0x00000000f9f80000,0x00000000f9f80000,0x00000000fbd00000)
 ParOldGen       total 84992K, used 44975K [0x00000000c0000000, 0x00000000c5300000, 0x00000000eab00000)
  object space 84992K, 52% used [0x00000000c0000000,0x00000000c2bebf98,0x00000000c5300000)
 Metaspace       used 6745K, capacity 7512K, committed 7680K, reserved 1056768K
  class space    used 634K, capacity 656K, committed 768K, reserved 1048576K

Card table byte_map: [0x0000000001cd0000,0x0000000001ee0000] byte_map_base: 0x00000000016d0000

Marking Bits: (ParMarkBitMap*) 0x000000005558a5b0
 Begin Bits: [0x0000000012960000, 0x0000000013960000)
 End Bits:   [0x0000000013960000, 0x0000000014960000)

Polling page: 0x00000000012f0000

CodeCache: size=245760Kb used=10021Kb max_used=10021Kb free=235738Kb
 bounds [0x0000000003400000, 0x0000000003de0000, 0x0000000012400000]
 total_blobs=2638 nmethods=2368 adapters=182
 compilation: enabled

Compilation events (10 events):
Event: 13.650 Thread 0x000000001555b800 2449 %     3       com.android.dx.rop.code.RegisterSpecSet::withOffset @ 20 (77 bytes)
Event: 13.651 Thread 0x000000001555b800 nmethod 2449% 0x0000000003dcc910 code [0x0000000003dccb00, 0x0000000003dcd718]
Event: 13.651 Thread 0x000000001555b800 2450       3       com.android.dx.rop.code.RegisterSpecSet::withOffset (77 bytes)
Event: 13.652 Thread 0x000000001555b800 nmethod 2450 0x0000000003dcdcd0 code [0x0000000003dcdec0, 0x0000000003dce9f8]
Event: 13.654 Thread 0x000000001555b800 2452       3       com.android.dx.dex.code.VariableSizeInsn::<init> (10 bytes)
Event: 13.655 Thread 0x000000001555b800 nmethod 2452 0x0000000003d8d050 code [0x0000000003d8d1c0, 0x0000000003d8d368]
Event: 13.655 Thread 0x000000001555b800 2453       3       com.android.dx.dex.code.LocalList$MakeState::endLocal (10 bytes)
Event: 13.656 Thread 0x000000001555b800 nmethod 2453 0x0000000003dceed0 code [0x0000000003dcf040, 0x0000000003dcf1c8]
Event: 13.663 Thread 0x000000001555b800 2454       3       com.android.dx.dex.code.StdCatchBuilder::rangeIsValid (62 bytes)
Event: 13.664 Thread 0x000000001555b800 nmethod 2454 0x0000000003dcf290 code [0x0000000003dcf480, 0x0000000003dcfef8]

GC Heap History (10 events):
Event: 3.025 GC heap before
{Heap before GC invocations=2 (full 0):
 PSYoungGen      total 36864K, used 36856K [0x00000000eab00000, 0x00000000ef300000, 0x0000000100000000)
  eden space 31744K, 100% used [0x00000000eab00000,0x00000000eca00000,0x00000000eca00000)
  from space 5120K, 99% used [0x00000000eca00000,0x00000000ecefe058,0x00000000ecf00000)
  to   space 5120K, 0% used [0x00000000eee00000,0x00000000eee00000,0x00000000ef300000)
 ParOldGen       total 84992K, used 1356K [0x00000000c0000000, 0x00000000c5300000, 0x00000000eab00000)
  object space 84992K, 1% used [0x00000000c0000000,0x00000000c0153050,0x00000000c5300000)
 Metaspace       used 6118K, capacity 7088K, committed 7296K, reserved 1056768K
  class space    used 595K, capacity 616K, committed 640K, reserved 1048576K
Event: 3.073 GC heap after
Heap after GC invocations=2 (full 0):
 PSYoungGen      total 68608K, used 5095K [0x00000000eab00000, 0x00000000ef300000, 0x0000000100000000)
  eden space 63488K, 0% used [0x00000000eab00000,0x00000000eab00000,0x00000000ee900000)
  from space 5120K, 99% used [0x00000000eee00000,0x00000000ef2f9c78,0x00000000ef300000)
  to   space 5120K, 0% used [0x00000000ee900000,0x00000000ee900000,0x00000000eee00000)
 ParOldGen       total 84992K, used 5631K [0x00000000c0000000, 0x00000000c5300000, 0x00000000eab00000)
  object space 84992K, 6% used [0x00000000c0000000,0x00000000c057fc20,0x00000000c5300000)
 Metaspace       used 6118K, capacity 7088K, committed 7296K, reserved 1056768K
  class space    used 595K, capacity 616K, committed 640K, reserved 1048576K
}
Event: 4.249 GC heap before
{Heap before GC invocations=3 (full 0):
 PSYoungGen      total 68608K, used 68583K [0x00000000eab00000, 0x00000000ef300000, 0x0000000100000000)
  eden space 63488K, 100% used [0x00000000eab00000,0x00000000ee900000,0x00000000ee900000)
  from space 5120K, 99% used [0x00000000eee00000,0x00000000ef2f9c78,0x00000000ef300000)
  to   space 5120K, 0% used [0x00000000ee900000,0x00000000ee900000,0x00000000eee00000)
 ParOldGen       total 84992K, used 5631K [0x00000000c0000000, 0x00000000c5300000, 0x00000000eab00000)
  object space 84992K, 6% used [0x00000000c0000000,0x00000000c057fc20,0x00000000c5300000)
 Metaspace       used 6204K, capacity 7152K, committed 7296K, reserved 1056768K
  class space    used 595K, capacity 616K, committed 640K, reserved 1048576K
Event: 4.384 GC heap after
Heap after GC invocations=3 (full 0):
 PSYoungGen      total 68608K, used 5120K [0x00000000eab00000, 0x00000000f3100000, 0x0000000100000000)
  eden space 63488K, 0% used [0x00000000eab00000,0x00000000eab00000,0x00000000ee900000)
  from space 5120K, 100% used [0x00000000ee900000,0x00000000eee00000,0x00000000eee00000)
  to   space 5120K, 0% used [0x00000000f2c00000,0x00000000f2c00000,0x00000000f3100000)
 ParOldGen       total 84992K, used 15329K [0x00000000c0000000, 0x00000000c5300000, 0x00000000eab00000)
  object space 84992K, 18% used [0x00000000c0000000,0x00000000c0ef87d0,0x00000000c5300000)
 Metaspace       used 6204K, capacity 7152K, committed 7296K, reserved 1056768K
  class space    used 595K, capacity 616K, committed 640K, reserved 1048576K
}
Event: 5.637 GC heap before
{Heap before GC invocations=4 (full 0):
 PSYoungGen      total 68608K, used 68608K [0x00000000eab00000, 0x00000000f3100000, 0x0000000100000000)
  eden space 63488K, 100% used [0x00000000eab00000,0x00000000ee900000,0x00000000ee900000)
  from space 5120K, 100% used [0x00000000ee900000,0x00000000eee00000,0x00000000eee00000)
  to   space 5120K, 0% used [0x00000000f2c00000,0x00000000f2c00000,0x00000000f3100000)
 ParOldGen       total 84992K, used 15329K [0x00000000c0000000, 0x00000000c5300000, 0x00000000eab00000)
  object space 84992K, 18% used [0x00000000c0000000,0x00000000c0ef87d0,0x00000000c5300000)
 Metaspace       used 6302K, capacity 7216K, committed 7296K, reserved 1056768K
  class space    used 595K, capacity 616K, committed 640K, reserved 1048576K
Event: 5.689 GC heap after
Heap after GC invocations=4 (full 0):
 PSYoungGen      total 132096K, used 5098K [0x00000000eab00000, 0x00000000f3100000, 0x0000000100000000)
  eden space 126976K, 0% used [0x00000000eab00000,0x00000000eab00000,0x00000000f2700000)
  from space 5120K, 99% used [0x00000000f2c00000,0x00000000f30fa960,0x00000000f3100000)
  to   space 5120K, 0% used [0x00000000f2700000,0x00000000f2700000,0x00000000f2c00000)
 ParOldGen       total 84992K, used 26132K [0x00000000c0000000, 0x00000000c5300000, 0x00000000eab00000)
  object space 84992K, 30% used [0x00000000c0000000,0x00000000c19850b8,0x00000000c5300000)
 Metaspace       used 6302K, capacity 7216K, committed 7296K, reserved 1056768K
  class space    used 595K, capacity 616K, committed 640K, reserved 1048576K
}
Event: 7.034 GC heap before
{Heap before GC invocations=5 (full 0):
 PSYoungGen      total 132096K, used 132074K [0x00000000eab00000, 0x00000000f3100000, 0x0000000100000000)
  eden space 126976K, 100% used [0x00000000eab00000,0x00000000f2700000,0x00000000f2700000)
  from space 5120K, 99% used [0x00000000f2c00000,0x00000000f30fa960,0x00000000f3100000)
  to   space 5120K, 0% used [0x00000000f2700000,0x00000000f2700000,0x00000000f2c00000)
 ParOldGen       total 84992K, used 26132K [0x00000000c0000000, 0x00000000c5300000, 0x00000000eab00000)
  object space 84992K, 30% used [0x00000000c0000000,0x00000000c19850b8,0x00000000c5300000)
 Metaspace       used 6322K, capacity 7216K, committed 7296K, reserved 1056768K
  class space    used 595K, capacity 616K, committed 640K, reserved 1048576K
Event: 7.149 GC heap after
Heap after GC invocations=5 (full 0):
 PSYoungGen      total 132096K, used 5118K [0x00000000eab00000, 0x00000000fd700000, 0x0000000100000000)
  eden space 126976K, 0% used [0x00000000eab00000,0x00000000eab00000,0x00000000f2700000)
  from space 5120K, 99% used [0x00000000f2700000,0x00000000f2bffb20,0x00000000f2c00000)
  to   space 26624K, 0% used [0x00000000fbd00000,0x00000000fbd00000,0x00000000fd700000)
 ParOldGen       total 84992K, used 44975K [0x00000000c0000000, 0x00000000c5300000, 0x00000000eab00000)
  object space 84992K, 52% used [0x00000000c0000000,0x00000000c2bebf98,0x00000000c5300000)
 Metaspace       used 6322K, capacity 7216K, committed 7296K, reserved 1056768K
  class space    used 595K, capacity 616K, committed 640K, reserved 1048576K
}
Event: 9.142 GC heap before
{Heap before GC invocations=6 (full 0):
 PSYoungGen      total 132096K, used 132094K [0x00000000eab00000, 0x00000000fd700000, 0x0000000100000000)
  eden space 126976K, 100% used [0x00000000eab00000,0x00000000f2700000,0x00000000f2700000)
  from space 5120K, 99% used [0x00000000f2700000,0x00000000f2bffb20,0x00000000f2c00000)
  to   space 26624K, 0% used [0x00000000fbd00000,0x00000000fbd00000,0x00000000fd700000)
 ParOldGen       total 84992K, used 44975K [0x00000000c0000000, 0x00000000c5300000, 0x00000000eab00000)
  object space 84992K, 52% used [0x00000000c0000000,0x00000000c2bebf98,0x00000000c5300000)
 Metaspace       used 6437K, capacity 7256K, committed 7424K, reserved 1056768K
  class space    used 616K, capacity 656K, committed 768K, reserved 1048576K
Event: 9.256 GC heap after
Heap after GC invocations=6 (full 0):
 PSYoungGen      total 276992K, used 24276K [0x00000000eab00000, 0x00000000fde00000, 0x0000000100000000)
  eden space 250368K, 0% used [0x00000000eab00000,0x00000000eab00000,0x00000000f9f80000)
  from space 26624K, 91% used [0x00000000fbd00000,0x00000000fd4b5198,0x00000000fd700000)
  to   space 30208K, 0% used [0x00000000f9f80000,0x00000000f9f80000,0x00000000fbd00000)
 ParOldGen       total 84992K, used 44975K [0x00000000c0000000, 0x00000000c5300000, 0x00000000eab00000)
  object space 84992K, 52% used [0x00000000c0000000,0x00000000c2bebf98,0x00000000c5300000)
 Metaspace       used 6437K, capacity 7256K, committed 7424K, reserved 1056768K
  class space    used 616K, capacity 656K, committed 768K, reserved 1048576K
}

Deoptimization events (10 events):
Event: 9.618 Thread 0x0000000001810800 Uncommon trap: reason=class_check action=maybe_recompile pc=0x0000000003890d68 method=java.util.Arrays.hashCode([Ljava/lang/Object;)I @ 43
Event: 9.688 Thread 0x0000000001810800 Uncommon trap: reason=class_check action=maybe_recompile pc=0x000000000388c33c method=java.util.HashMap.putVal(ILjava/lang/Object;Ljava/lang/Object;ZZ)Ljava/lang/Object; @ 91
Event: 11.335 Thread 0x0000000001810800 Uncommon trap: reason=speculate_class_check action=maybe_recompile pc=0x0000000003770ee8 method=com.android.dx.util.FixedSizeList.equals(Ljava/lang/Object;)Z @ 25
Event: 11.335 Thread 0x0000000001810800 Uncommon trap: reason=class_check action=maybe_recompile pc=0x000000000376bca4 method=java.util.Arrays.equals([Ljava/lang/Object;[Ljava/lang/Object;)Z @ 62
Event: 11.335 Thread 0x0000000001810800 Uncommon trap: reason=speculate_class_check action=maybe_recompile pc=0x0000000003770ee8 method=com.android.dx.util.FixedSizeList.equals(Ljava/lang/Object;)Z @ 25
Event: 11.335 Thread 0x0000000001810800 Uncommon trap: reason=class_check action=maybe_recompile pc=0x000000000376bca4 method=java.util.Arrays.equals([Ljava/lang/Object;[Ljava/lang/Object;)Z @ 62
Event: 11.336 Thread 0x0000000001810800 Uncommon trap: reason=speculate_class_check action=maybe_recompile pc=0x0000000003770ee8 method=com.android.dx.util.FixedSizeList.equals(Ljava/lang/Object;)Z @ 25
Event: 11.336 Thread 0x0000000001810800 Uncommon trap: reason=unstable_if action=reinterpret pc=0x000000000376bcdc method=java.util.Arrays.equals([Ljava/lang/Object;[Ljava/lang/Object;)Z @ 23
Event: 11.336 Thread 0x0000000001810800 Uncommon trap: reason=speculate_class_check action=maybe_recompile pc=0x0000000003770ee8 method=com.android.dx.util.FixedSizeList.equals(Ljava/lang/Object;)Z @ 25
Event: 11.336 Thread 0x0000000001810800 Uncommon trap: reason=unstable_if action=reinterpret pc=0x0000000003be8ebc method=java.util.TreeMap.put(Ljava/lang/Object;Ljava/lang/Object;)Ljava/lang/Object; @ 163

Internal exceptions (8 events):
Event: 0.240 Thread 0x0000000001810800 Exception <a 'java/lang/NoSuchMethodError': Method sun.misc.Unsafe.defineClass(Ljava/lang/String;[BII)Ljava/lang/Class; name or signature does not match> (0x00000000eab0d260) thrown at [C:\re\workspace\8-2-build-windows-amd64-cygwin\jdk8u66\4988\hotspot\sr≠çÂNåπŒ?
Event: 0.240 Thread 0x0000000001810800 Exception <a 'java/lang/NoSuchMethodError': Method sun.misc.Unsafe.prefetchRead(Ljava/lang/Object;J)V name or signature does not match> (0x00000000eab0d548) thrown at [C:\re\workspace\8-2-build-windows-amd64-cygwin\jdk8u66\4988\hotspot\src\share\vm\prims\ji7å√\J˘?
Event: 1.581 Thread 0x00000000170bf000 Implicit null exception at 0x00000000036eaedd to 0x00000000036ecef9
Event: 3.658 Thread 0x00000000170be000 Implicit null exception at 0x0000000003a1a660 to 0x0000000003a1c149
Event: 5.020 Thread 0x00000000170be000 Implicit null exception at 0x000000000374abe2 to 0x000000000374acd2
Event: 7.302 Thread 0x00000000170be000 Exception <a 'java/lang/ArrayIndexOutOfBoundsException': 18> (0x00000000ead284f8) thrown at [C:\re\workspace\8-2-build-windows-amd64-cygwin\jdk8u66\4988\hotspot\src\share\vm\interpreter\interpreterRuntime.cpp, line 366]
Event: 7.303 Thread 0x00000000170be000 Exception <a 'java/lang/ArrayIndexOutOfBoundsException'> (0x00000000ead2a078) thrown at [C:\re\workspace\8-2-build-windows-amd64-cygwin\jdk8u66\4988\hotspot\src\share\vm\runtime\sharedRuntime.cpp, line 605]
Event: 7.304 Thread 0x00000000170be000 Exception <a 'java/lang/ArrayIndexOutOfBoundsException'> (0x00000000ead2b360) thrown at [C:\re\workspace\8-2-build-windows-amd64-cygwin\jdk8u66\4988\hotspot\src\share\vm\runtime\sharedRuntime.cpp, line 605]

Events (10 events):
Event: 12.277 Thread 0x0000000001810800 DEOPT PACKING pc=0x0000000003cfd519 sp=0x000000000160ec20
Event: 12.277 Thread 0x0000000001810800 DEOPT UNPACKING pc=0x000000000344787f sp=0x000000000160e9e8 mode 0
Event: 12.279 Thread 0x0000000001810800 DEOPT PACKING pc=0x0000000003cf7fd1 sp=0x000000000160ec50
Event: 12.279 Thread 0x0000000001810800 DEOPT UNPACKING pc=0x000000000344787f sp=0x000000000160e9d8 mode 0
Event: 13.622 Thread 0x0000000001810800 DEOPT PACKING pc=0x0000000003d22aa1 sp=0x000000000160ebf0
Event: 13.622 Thread 0x0000000001810800 DEOPT UNPACKING pc=0x000000000344787f sp=0x000000000160e9f8 mode 0
Event: 13.625 Thread 0x0000000001810800 DEOPT PACKING pc=0x0000000003cefb40 sp=0x000000000160eb40
Event: 13.625 Thread 0x0000000001810800 DEOPT UNPACKING pc=0x000000000344787f sp=0x000000000160e868 mode 0
Event: 13.652 Thread 0x0000000001810800 DEOPT PACKING pc=0x0000000003d05f22 sp=0x000000000160ead0
Event: 13.652 Thread 0x0000000001810800 DEOPT UNPACKING pc=0x000000000344787f sp=0x000000000160e850 mode 0


Dynamic libraries:
0x00007ff642b50000 - 0x00007ff642b87000 	C:\Program Files\Java\jdk1.8.0_66\bin\java.exe
0x00007ff8db980000 - 0x00007ff8dbb41000 	C:\Windows\SYSTEM32\ntdll.dll
0x00007ff8db740000 - 0x00007ff8db7ed000 	C:\Windows\system32\KERNEL32.DLL
0x00007ff8d8db0000 - 0x00007ff8d8f8d000 	C:\Windows\system32\KERNELBASE.dll
0x00007ff8db690000 - 0x00007ff8db736000 	C:\Windows\system32\ADVAPI32.dll
0x00007ff8dad60000 - 0x00007ff8dadfd000 	C:\Windows\system32\msvcrt.dll
0x00007ff8dad00000 - 0x00007ff8dad5b000 	C:\Windows\system32\sechost.dll
0x00007ff8db850000 - 0x00007ff8db976000 	C:\Windows\system32\RPCRT4.dll
0x00007ff8d9610000 - 0x00007ff8d975e000 	C:\Windows\system32\USER32.dll
0x00007ff8d92c0000 - 0x00007ff8d9446000 	C:\Windows\system32\GDI32.dll
0x00007ff8cf4a0000 - 0x00007ff8cf714000 	C:\Windows\WinSxS\amd64_microsoft.windows.common-controls_6595b64144ccf1df_6.0.10240.16384_none_f41f7b285750ef43\COMCTL32.dll
0x00007ff8db810000 - 0x00007ff8db846000 	C:\Windows\system32\IMM32.DLL
0x00007ff8db000000 - 0x00007ff8db15c000 	C:\Windows\system32\MSCTF.dll
0x0000000054ca0000 - 0x0000000054d72000 	C:\Program Files\Java\jdk1.8.0_66\jre\bin\msvcr100.dll
0x0000000054d80000 - 0x0000000055609000 	C:\Program Files\Java\jdk1.8.0_66\jre\bin\server\jvm.dll
0x00007ff8d9600000 - 0x00007ff8d9608000 	C:\Windows\system32\PSAPI.DLL
0x00007ff8d6220000 - 0x00007ff8d6229000 	C:\Windows\SYSTEM32\WSOCK32.dll
0x00007ff8d91e0000 - 0x00007ff8d9249000 	C:\Windows\system32\WS2_32.dll
0x00007ff8d9170000 - 0x00007ff8d9178000 	C:\Windows\system32\NSI.dll
0x00007ff8d6070000 - 0x00007ff8d6093000 	C:\Windows\SYSTEM32\WINMM.dll
0x00007ff8d4cf0000 - 0x00007ff8d4cfa000 	C:\Windows\SYSTEM32\VERSION.dll
0x00007ff8d5ff0000 - 0x00007ff8d601c000 	C:\Windows\SYSTEM32\WINMMBASE.dll
0x00007ff8d8ae0000 - 0x00007ff8d8b24000 	C:\Windows\system32\cfgmgr32.dll
0x00007ff8d6d20000 - 0x00007ff8d6d47000 	C:\Windows\SYSTEM32\DEVOBJ.dll
0x0000000054c90000 - 0x0000000054c9f000 	C:\Program Files\Java\jdk1.8.0_66\jre\bin\verify.dll
0x0000000054c60000 - 0x0000000054c89000 	C:\Program Files\Java\jdk1.8.0_66\jre\bin\java.dll
0x0000000054c40000 - 0x0000000054c56000 	C:\Program Files\Java\jdk1.8.0_66\jre\bin\zip.dll
0x00007ff8d9770000 - 0x00007ff8dac92000 	C:\Windows\system32\SHELL32.dll
0x00007ff8d84b0000 - 0x00007ff8d8ad8000 	C:\Windows\system32\windows.storage.dll
0x00007ff8db330000 - 0x00007ff8db5ac000 	C:\Windows\system32\combase.dll
0x00007ff8d9110000 - 0x00007ff8d9161000 	C:\Windows\system32\shlwapi.dll
0x00007ff8d83b0000 - 0x00007ff8d83bf000 	C:\Windows\system32\kernel.appcore.dll
0x00007ff8d8f90000 - 0x00007ff8d9043000 	C:\Windows\system32\shcore.dll
0x00007ff8d83c0000 - 0x00007ff8d840a000 	C:\Windows\system32\powrprof.dll
0x00007ff8d8430000 - 0x00007ff8d8443000 	C:\Windows\system32\profapi.dll

VM Arguments:
jvm_args: -Djava.awt.headless=true -Xmx1024M -Dfile.encoding=windows-1252 -Duser.country=BR -Duser.language=pt -Duser.variant 
java_command: com.android.dx.command.Main --dex --num-threads=4 --output D:\Dropbox\FTEC\DesenvolvimentoDispositivosMoveis\2016_1\Projetos\MyApplication\app\build\intermediates\pre-dexed\release\com.android.support-support-v4-23.1.1_d23f0b646dbc3f7a61d48faeb1833c46dd54560e.jar D:\Dropbox\FTEC\DesenvolvimentoDispositivosMoveis\2016_1\Projetos\MyApplication\app\build\intermediates\exploded-aar\com.android.support\support-v4\23.1.1\jars\classes.jar
java_class_path (initial): C:\Android\SDK\build-tools\23.0.1\lib\dx.jar
Launcher Type: SUN_STANDARD

Environment Variables:
JAVA_HOME=C:\Program Files\Java\jdk1.8.0_66
PATH=C:\ProgramData\Oracle\Java\javapath;C:\Windows\system32;C:\Windows;C:\Windows\System32\Wbem;C:\Windows\System32\WindowsPowerShell\v1.0\;C:\adb
USERNAME=julio
OS=Windows_NT
PROCESSOR_IDENTIFIER=Intel64 Family 6 Model 58 Stepping 9, GenuineIntel



---------------  S Y S T E M  ---------------

OS: Windows 10.0 , 64 bit Build 10240 (10.0.10240.16384)

CPU:total 4 (2 cores per cpu, 2 threads per core) family 6 model 58 stepping 9, cmov, cx8, fxsr, mmx, sse, sse2, sse3, ssse3, sse4.1, sse4.2, popcnt, avx, clmul, erms, ht, tsc, tscinvbit, tscinv

Memory: 4k page, physical 8082972k(1399068k free), swap 8082972k(5180k free)

vm_info: Java HotSpot(TM) 64-Bit Server VM (25.66-b17) for windows-amd64 JRE (1.8.0_66-b17), built on Oct  6 2015 18:55:33 by "java_re" with MS VC++ 10.0 (VS2010)

time: Tue Jan 19 00:35:41 2016
elapsed time: 14 seconds (0d 0h 0m 14s)

